<?xml version="1.0" encoding="UTF-8"?>
<!-- Generated by org.testng.reporters.JUnitXMLReporter -->
<testsuite hostname="TINTN003DKVT9KM" name="Callout Functionality and Search(failed)" tests="1" failures="1" timestamp="4 Nov 2015 15:26:42 GMT" time="45.147" errors="0">
  <testcase name="R_Callout_Functionality" time="33.499" classname="automationFramework.Callout_Functionality">
    <failure type="java.lang.IllegalArgumentException" message="Cannot find elements when the XPath expression is null.">
      <![CDATA[java.lang.IllegalArgumentException: Cannot find elements when the XPath expression is null.
	at org.openqa.selenium.By.xpath(By.java:113)
	at utility.Utils.existsElement(Utils.java:101)
	at automationFramework.Callout_Functionality.R_Callout_Functionality(Callout_Functionality.java:129)
... Removed 24 stack frames]]>
    </failure>
  </testcase> <!-- R_Callout_Functionality -->
</testsuite> <!-- Callout Functionality and Search(failed) -->
