<?xml version="1.0" encoding="UTF-8"?>
<testng-results skipped="0" failed="0" total="1" passed="1">
  <reporter-output>
  </reporter-output>
  <suite name="KOIMSO_Suite" duration-ms="30452" started-at="2016-01-06T12:35:17Z" finished-at="2016-01-06T12:35:48Z">
    <groups>
    </groups>
    <test name="KOIMSO-21" duration-ms="30452" started-at="2016-01-06T12:35:17Z" finished-at="2016-01-06T12:35:48Z">
      <class name="msol.VM_TestCases.KOIMSO_21">
        <test-method status="PASS" signature="beforeMethod(java.lang.String, java.lang.String)[pri:0, instance:msol.VM_TestCases.KOIMSO_21@7d4f9aae]" name="beforeMethod" is-config="true" duration-ms="47" started-at="2016-01-06T18:05:17Z" finished-at="2016-01-06T18:05:17Z">
          <params>
            <param index="0">
              <value>
                <![CDATA[firefox]]>
              </value>
            </param>
            <param index="1">
              <value>
                <![CDATA[KOIMSO-21]]>
              </value>
            </param>
          </params>
          <reporter-output>
          </reporter-output>
        </test-method> <!-- beforeMethod -->
        <test-method status="PASS" signature="VM_Callout_Functionality(java.lang.String, java.lang.String)[pri:0, instance:msol.VM_TestCases.KOIMSO_21@7d4f9aae]" name="VM_Callout_Functionality" duration-ms="30357" started-at="2016-01-06T18:05:17Z" finished-at="2016-01-06T18:05:48Z">
          <params>
            <param index="0">
              <value>
                <![CDATA[firefox]]>
              </value>
            </param>
            <param index="1">
              <value>
                <![CDATA[KOIMSO-21]]>
              </value>
            </param>
          </params>
          <reporter-output>
          </reporter-output>
        </test-method> <!-- VM_Callout_Functionality -->
        <test-method status="PASS" signature="afterMethod()[pri:0, instance:msol.VM_TestCases.KOIMSO_21@7d4f9aae]" name="afterMethod" is-config="true" duration-ms="47" started-at="2016-01-06T18:05:48Z" finished-at="2016-01-06T18:05:48Z">
          <reporter-output>
          </reporter-output>
        </test-method> <!-- afterMethod -->
      </class> <!-- msol.VM_TestCases.KOIMSO_21 -->
    </test> <!-- KOIMSO-21 -->
  </suite> <!-- KOIMSO_Suite -->
</testng-results>
