<?xml version="1.0" encoding="UTF-8"?>
<!-- Generated by org.testng.reporters.JUnitXMLReporter -->
<testsuite hostname="TINTN003DKVT9KM" name="KOIMSO-1" tests="1" failures="1" timestamp="5 Jan 2016 13:28:41 GMT" time="21.7" errors="0">
  <testcase name="CreateMD_WithExistingCCRNum" time="12.001" classname="msol.GUI_TestCases.KOIMSO_6">
    <failure type="java.lang.Exception" message="Test Case Failed because of Verification">
      <![CDATA[java.lang.Exception: Test Case Failed because of Verification
	at msol.GUI_TestCases.KOIMSO_6.CreateMD_WithExistingCCRNum(KOIMSO_6.java:115)
... Removed 24 stack frames]]>
    </failure>
  </testcase> <!-- CreateMD_WithExistingCCRNum -->
</testsuite> <!-- KOIMSO-1 -->
