<?xml version="1.0" encoding="UTF-8"?>
<!-- Generated by org.testng.reporters.JUnitXMLReporter -->
<testsuite hostname="TINTN003DKVT9KM" name="KOIMSO-3" tests="1" failures="1" timestamp="30 Dec 2015 11:49:00 GMT" time="26.492" errors="0">
  <testcase name="Callout_Details_Search" time="26.476" classname="msol.GUI_TestCases.KOIMSO_3">
    <failure type="java.lang.NumberFormatException" message="For input string: &amp;quot;&amp;quot;">
      <![CDATA[java.lang.NumberFormatException: For input string: ""
	at java.lang.NumberFormatException.forInputString(Unknown Source)
	at java.lang.Integer.parseInt(Unknown Source)
	at java.lang.Integer.<init>(Unknown Source)
	at msol.GUI_TestCases.KOIMSO_3.Callout_Details_Search(KOIMSO_3.java:179)
... Removed 24 stack frames]]>
    </failure>
  </testcase> <!-- Callout_Details_Search -->
</testsuite> <!-- KOIMSO-3 -->
