<?xml version="1.0" encoding="UTF-8"?>
<!-- Generated by org.testng.reporters.JUnitXMLReporter -->
<testsuite hostname="TINTN003DKVT9KM" name="KOIMSO-5" tests="1" failures="1" timestamp="5 Jan 2016 10:55:31 GMT" time="24.247" errors="0">
  <testcase name="CreateMD_WithNewCCRNum" time="14.873" classname="msol.GUI_TestCases.KOIMSO_5">
    <failure type="org.openqa.selenium.UnhandledAlertException" message="Unexpected modal dialog (text: The date you selected 01/08/2016 is less than 2 business days away. The earliest pickup date is 1/12/2016. To accept this date, select Submit again.): The date you selected 01/08/2016 is less than 2 business days away. The earliest pickup date is 1/12/2016. To accept this date, select Submit again.
Build info: version: &amp;apos;2.46.0&amp;apos;, revision: &amp;apos;87c69e2&amp;apos;, time: &amp;apos;2015-06-04 16:17:10&amp;apos;
System info: host: &amp;apos;TINTN003DKVT9KM&amp;apos;, ip: &amp;apos;114.9.152.5&amp;apos;, os.name: &amp;apos;Windows 7&amp;apos;, os.arch: &amp;apos;amd64&amp;apos;, os.version: &amp;apos;6.1&amp;apos;, java.version: &amp;apos;1.8.0_45&amp;apos;
Driver info: org.openqa.selenium.firefox.FirefoxDriver
Capabilities [{applicationCacheEnabled=true, rotatable=false, handlesAlerts=true, databaseEnabled=true, version=42.0, platform=WINDOWS, nativeEvents=false, acceptSslCerts=true, webStorageEnabled=true, locationContextEnabled=true, browserName=firefox, takesScreenshot=true, javascriptEnabled=true, cssSelectorsEnabled=true}]
Session ID: dc82e2d4-6ef4-4e44-9d4e-e6be624d16ac
*** Element info: {Using=xpath, value=//td[contains(text(),&amp;apos;Tracking No has been created&amp;apos;)]/a}">
      <![CDATA[org.openqa.selenium.UnhandledAlertException: Unexpected modal dialog (text: The date you selected 01/08/2016 is less than 2 business days away. The earliest pickup date is 1/12/2016. To accept this date, select Submit again.): The date you selected 01/08/2016 is less than 2 business days away. The earliest pickup date is 1/12/2016. To accept this date, select Submit again.
Build info: version: '2.46.0', revision: '87c69e2', time: '2015-06-04 16:17:10'
System info: host: 'TINTN003DKVT9KM', ip: '114.9.152.5', os.name: 'Windows 7', os.arch: 'amd64', os.version: '6.1', java.version: '1.8.0_45'
Driver info: org.openqa.selenium.firefox.FirefoxDriver
Capabilities [{applicationCacheEnabled=true, rotatable=false, handlesAlerts=true, databaseEnabled=true, version=42.0, platform=WINDOWS, nativeEvents=false, acceptSslCerts=true, webStorageEnabled=true, locationContextEnabled=true, browserName=firefox, takesScreenshot=true, javascriptEnabled=true, cssSelectorsEnabled=true}]
Session ID: dc82e2d4-6ef4-4e44-9d4e-e6be624d16ac
*** Element info: {Using=xpath, value=//td[contains(text(),'Tracking No has been created')]/a}
	at org.openqa.selenium.remote.ErrorHandler.createThrowable(ErrorHandler.java:204)
	at org.openqa.selenium.remote.ErrorHandler.createUnhandledAlertException(ErrorHandler.java:185)
	at org.openqa.selenium.remote.ErrorHandler.throwIfResponseFailed(ErrorHandler.java:152)
	at org.openqa.selenium.remote.RemoteWebDriver.execute(RemoteWebDriver.java:605)
	at org.openqa.selenium.remote.RemoteWebDriver.findElement(RemoteWebDriver.java:358)
	at org.openqa.selenium.remote.RemoteWebDriver.findElementByXPath(RemoteWebDriver.java:455)
	at org.openqa.selenium.By$ByXPath.findElement(By.java:358)
	at org.openqa.selenium.remote.RemoteWebDriver.findElement(RemoteWebDriver.java:350)
	at utility.Utils.getText(Utils.java:228)
	at msol.GUI_TestCases.KOIMSO_5.CreateMD_WithNewCCRNum(KOIMSO_5.java:144)
... Removed 28 stack frames]]>
    </failure>
  </testcase> <!-- CreateMD_WithNewCCRNum -->
</testsuite> <!-- KOIMSO-5 -->
