<?xml version="1.0" encoding="UTF-8"?>
<!-- Generated by org.testng.reporters.JUnitXMLReporter -->
<testsuite hostname="TINTN003DKVT9KM" name="Msolv" tests="3" failures="0" timestamp="29 Dec 2015 16:38:36 GMT" time="121.701" errors="0">
  <testcase name="Callout_Functionality" time="54.318" classname="msol.GUI_TestCases.KOIMSO_1"/>
  <testcase name="Callout_Search" time="40.145" classname="msol.GUI_TestCases.KOIMSO_2"/>
  <testcase name="Callout_Details_Search" time="27.113" classname="msol.GUI_TestCases.KOIMSO_3"/>
</testsuite> <!-- Msolv -->
